<?xml version="1.0" encoding="UTF-8"?>
<!-- Generated by org.testng.reporters.JUnitReportReporter -->
<testsuite hostname="LTIN186530" failures="0" tests="5" name="testCases.TC_005_Tooltips" time="56.740" errors="0" timestamp="2024-05-11T15:23:51 IST" skipped="0">
  <testcase classname="testCases.TC_005_Tooltips" name="TestCase_001_WelcomeMessage" time="36.415"/>
  <testcase classname="testCases.TC_005_Tooltips" name="TestCase_002_DefaultCountry" time="0.052"/>
  <testcase classname="testCases.TC_005_Tooltips" name="TestCase_003_DefaultLanguage" time="0.051"/>
  <testcase classname="testCases.TC_005_Tooltips" name="TestCase_004_Languagelist" time="5.384"/>
  <testcase classname="testCases.TC_005_Tooltips" name="TestCase_005_Tooltips" time="14.838"/>
</testsuite> <!-- testCases.TC_005_Tooltips -->
