<?xml version="1.0" encoding="UTF-8"?>
<!-- Generated by org.testng.reporters.JUnitReportReporter -->
<testsuite hostname="LTIN487021" failures="0" tests="5" name="testCases.Tooltip" time="36.464" errors="0" timestamp="2024-03-24T21:14:27 IST" skipped="0">
  <testcase classname="testCases.Tooltip" name="TestCase_001_WelcomeMessage" time="21.650"/>
  <testcase classname="testCases.Tooltip" name="TestCase_002_DefaultCountry" time="0.024"/>
  <testcase classname="testCases.Tooltip" name="TestCase_003_DefaultLanguage" time="0.029"/>
  <testcase classname="testCases.Tooltip" name="languageList" time="3.394"/>
  <testcase classname="testCases.Tooltip" name="toolTip" time="11.367"/>
</testsuite> <!-- testCases.Tooltip -->
